<?xml version="1.0" encoding="UTF-8"?>
<!-- Generated by org.testng.reporters.JUnitReportReporter -->
<testsuite hostname="DESKTOP-RT4D28D" failures="0" tests="1" name="page_object_factory_models_tests.FacebookTest" time="29.376" errors="0" timestamp="2020-11-28T15:00:25 GMT" skipped="0">
  <testcase classname="page_object_factory_models_tests.FacebookTest" name="logInToFacebook" time="29.376"/>
  <system-out/>
</testsuite> <!-- page_object_factory_models_tests.FacebookTest -->
